<?xml version="1.0" encoding="UTF-8"?>
<testsuite xmlns:xsi="http://www.w3.org/2001/XMLSchema-instance" xsi:noNamespaceSchemaLocation="https://maven.apache.org/surefire/maven-surefire-plugin/xsd/surefire-test-report.xsd" version="3.0.2" name="com.sazakimaeda.h2.H2ApplicationTests" time="3.145" tests="1" errors="0" skipped="0" failures="0">
  <properties>
[...]
</properties>
  <testcase name="contextLoads" classname="com.sazakimaeda.h2.H2ApplicationTests" time="0.576">
    <system-out><![CDATA[17:06:16.578 [main] INFO org.springframework.test.context.support.AnnotationConfigContextLoaderUtils -- Could not detect default configuration classes for test class [com.sazakimaeda.h2.H2ApplicationTests]: H2ApplicationTests does not declare any static, non-private, non-final, nested classes annotated with @Configuration.
17:06:16.666 [main] INFO org.springframework.boot.test.context.SpringBootTestContextBootstrapper -- Found @SpringBootConfiguration com.sazakimaeda.h2.H2Application for test class com.sazakimaeda.h2.H2ApplicationTests

  .   ____          _            __ _ _
 /\\ / ___'_ __ _ _(_)_ __  __ _ \ \ \ \
( ( )\___ | '_ | '_| | '_ \/ _` | \ \ \ \
 \\/  ___)| |_)| | | | | || (_| |  ) ) ) )
  '  |____| .__|_| |_|_| |_\__, | / / / /
 =========|_|==============|___/=/_/_/_/

 :: Spring Boot ::                (v3.5.4)

2025-07-27T17:06:17.066+03:00  INFO 21492 --- [H2] [           main] com.sazakimaeda.h2.H2ApplicationTests    : Starting H2ApplicationTests using Java 17.0.12 with PID 21492 (started by Anton in D:\Java\H2)
2025-07-27T17:06:17.068+03:00  INFO 21492 --- [H2] [           main] com.sazakimaeda.h2.H2ApplicationTests    : No active profile set, falling back to 1 default profile: "default"
2025-07-27T17:06:18.165+03:00  INFO 21492 --- [H2] [           main] c.sazakimaeda.h2.metric.AndroidMetric    : Метрика 'android.queue.size' успешно зарегистрирована
2025-07-27T17:06:18.951+03:00  INFO 21492 --- [H2] [           main] o.s.b.a.e.web.EndpointLinksResolver      : Exposing 1 endpoint beneath base path '/actuator'
2025-07-27T17:06:19.024+03:00  INFO 21492 --- [H2] [           main] com.sazakimaeda.h2.H2ApplicationTests    : Started H2ApplicationTests in 2.211 seconds (process running for 3.106)
]]></system-out>
  </testcase>
</testsuite>